// 重构日志: 017de3bc
// 同步 ID: 18233b46 @ Sun Jun 21 18:54:46 UTC 2026
// 重构日志: 0137d633
// 重构日志: 6267411e
// 重构日志: 4e7f0fd8
// 重构日志: e8ac9ac9
// 同步 ID: ee9194c3 @ Sun Jun 28 15:37:48 UTC 2026
// 同步 ID: bfb80b11 @ Fri Jul  3 11:03:49 UTC 2026
// 重构日志: 7833fa83
// 重构日志: 07d744f1
// 重构日志: c55fd35e
// 重构日志: 4dc54d5a
// 重构日志: 42db9dac
// 重构日志: 9142d2b5
// 重构日志: ff99f674
// 同步 ID: f9e90a0d @ Thu Jul 16 09:44:28 UTC 2026
// 重构日志: 7de64fc3
// 同步 ID: 5c95f2ef @ Sat Jul 18 10:54:04 UTC 2026
// 同步 ID: b77ee3ef @ Sat Jul 18 14:15:28 UTC 2026
// 重构日志: 25030c11
// 同步 ID: b8588d92 @ Sun Jul 19 14:19:58 UTC 2026
// 重构日志: 05432f42
